Release 14.7 - xst P.20131013 (nt64)
Copyright (c) 1995-2013 Xilinx, Inc.  All rights reserved.
--> Parameter TMPDIR set to xst/projnav.tmp


Total REAL time to Xst completion: 0.00 secs
Total CPU time to Xst completion: 0.19 secs
 
--> Parameter xsthdpdir set to xst


Total REAL time to Xst completion: 0.00 secs
Total CPU time to Xst completion: 0.19 secs
 
--> Reading design: gen_dir.prj

TABLE OF CONTENTS
  1) Synthesis Options Summary
  2) HDL Parsing
  3) HDL Elaboration
  4) HDL Synthesis
       4.1) HDL Synthesis Report
  5) Advanced HDL Synthesis
       5.1) Advanced HDL Synthesis Report
  6) Low Level Synthesis
  7) Partition Report
  8) Design Summary
       8.1) Primitive and Black Box Usage
       8.2) Device utilization summary
       8.3) Partition Resource Summary
       8.4) Timing Report
            8.4.1) Clock Information
            8.4.2) Asynchronous Control Signals Information
            8.4.3) Timing Summary
            8.4.4) Timing Details
            8.4.5) Cross Clock Domains Report


=========================================================================
*                      Synthesis Options Summary                        *
=========================================================================
---- Source Parameters
Input File Name                    : "gen_dir.prj"
Ignore Synthesis Constraint File   : NO

---- Target Parameters
Output File Name                   : "gen_dir"
Output Format                      : NGC
Target Device                      : xc6slx45-3-csg324

---- Source Options
Top Module Name                    : gen_dir
Automatic FSM Extraction           : YES
FSM Encoding Algorithm             : Auto
Safe Implementation                : No
FSM Style                          : LUT
RAM Extraction                     : Yes
RAM Style                          : Auto
ROM Extraction                     : Yes
Shift Register Extraction          : YES
ROM Style                          : Auto
Resource Sharing                   : YES
Asynchronous To Synchronous        : NO
Shift Register Minimum Size        : 2
Use DSP Block                      : Auto
Automatic Register Balancing       : No

---- Target Options
LUT Combining                      : Auto
Reduce Control Sets                : Auto
Add IO Buffers                     : YES
Global Maximum Fanout              : 100000
Add Generic Clock Buffer(BUFG)     : 16
Register Duplication               : YES
Optimize Instantiated Primitives   : NO
Use Clock Enable                   : Auto
Use Synchronous Set                : Auto
Use Synchronous Reset              : Auto
Pack IO Registers into IOBs        : Auto
Equivalent register Removal        : YES

---- General Options
Optimization Goal                  : Speed
Optimization Effort                : 1
Power Reduction                    : NO
Keep Hierarchy                     : No
Netlist Hierarchy                  : As_Optimized
RTL Output                         : Yes
Global Optimization                : AllClockNets
Read Cores                         : YES
Write Timing Constraints           : NO
Cross Clock Analysis               : NO
Hierarchy Separator                : /
Bus Delimiter                      : <>
Case Specifier                     : Maintain
Slice Utilization Ratio            : 100
BRAM Utilization Ratio             : 100
DSP48 Utilization Ratio            : 100
Auto BRAM Packing                  : NO
Slice Utilization Ratio Delta      : 5

=========================================================================


=========================================================================
*                          HDL Parsing                                  *
=========================================================================
Parsing VHDL file "C:\Users\pedro\GIC\PracticaLibre\Souce\gen_dir.vhd" into library work
Parsing entity <gen_dir>.
Parsing architecture <rtl> of entity <gen_dir>.

=========================================================================
*                            HDL Elaboration                            *
=========================================================================

Elaborating entity <gen_dir> (architecture <rtl>) from library <work>.

=========================================================================
*                           HDL Synthesis                               *
=========================================================================

Synthesizing Unit <gen_dir>.
    Related source file is "C:\Users\pedro\GIC\PracticaLibre\Souce\gen_dir.vhd".
    Found 8-bit register for signal <Valor_frec>.
    Found 8-bit register for signal <DIRAUX>.
    Found 16-bit register for signal <Salida_BD>.
    Found 16-bit register for signal <Salida_BD_ANT>.
    Found 2-bit register for signal <std_act>.
    Found 9-bit register for signal <cnt>.
    Found finite state machine <FSM_0> for signal <std_act>.
    -----------------------------------------------------------------------
    | States             | 3                                              |
    | Transitions        | 4                                              |
    | Inputs             | 1                                              |
    | Outputs            | 1                                              |
    | Clock              | CLK (rising_edge)                              |
    | Reset              | RST (negative)                                 |
    | Reset type         | asynchronous                                   |
    | Reset State        | rep                                            |
    | Power Up State     | rep                                            |
    | Encoding           | auto                                           |
    | Implementation     | LUT                                            |
    -----------------------------------------------------------------------
    Found 16-bit adder for signal <Entrada_BD> created at line 63.
    Found 9-bit adder for signal <cnt[8]_GND_4_o_add_11_OUT> created at line 1241.
    Found 16-bit comparator equal for signal <Salida_BD_ANT[15]_Salida_BD[15]_equal_16_o> created at line 104
    Summary:
	inferred   2 Adder/Subtractor(s).
	inferred  57 D-type flip-flop(s).
	inferred   1 Comparator(s).
	inferred   1 Multiplexer(s).
	inferred   1 Finite State Machine(s).
Unit <gen_dir> synthesized.

=========================================================================
HDL Synthesis Report

Macro Statistics
# Adders/Subtractors                                   : 2
 16-bit adder                                          : 1
 9-bit adder                                           : 1
# Registers                                            : 5
 16-bit register                                       : 2
 8-bit register                                        : 2
 9-bit register                                        : 1
# Comparators                                          : 1
 16-bit comparator equal                               : 1
# Multiplexers                                         : 1
 9-bit 2-to-1 multiplexer                              : 1
# FSMs                                                 : 1

=========================================================================

=========================================================================
*                       Advanced HDL Synthesis                          *
=========================================================================


Synthesizing (advanced) Unit <gen_dir>.
The following registers are absorbed into accumulator <Salida_BD>: 1 register on signal <Salida_BD>.
The following registers are absorbed into counter <cnt>: 1 register on signal <cnt>.
Unit <gen_dir> synthesized (advanced).

=========================================================================
Advanced HDL Synthesis Report

Macro Statistics
# Counters                                             : 1
 9-bit up counter                                      : 1
# Accumulators                                         : 1
 16-bit up accumulator                                 : 1
# Registers                                            : 32
 Flip-Flops                                            : 32
# Comparators                                          : 1
 16-bit comparator equal                               : 1
# FSMs                                                 : 1

=========================================================================

=========================================================================
*                         Low Level Synthesis                           *
=========================================================================
Analyzing FSM <MFsm> for best encoding.
Optimizing FSM <FSM_0> on signal <std_act[1:2]> with user encoding.
-------------------
 State | Encoding
-------------------
 rep   | 00
 esp   | 01
 daok  | 10
-------------------

Optimizing unit <gen_dir> ...

Mapping all equations...
Building and optimizing final netlist ...
Found area constraint ratio of 100 (+ 5) on block gen_dir, actual ratio is 0.

Final Macro Processing ...

=========================================================================
Final Register Report

Macro Statistics
# Registers                                            : 59
 Flip-Flops                                            : 59

=========================================================================

=========================================================================
*                           Partition Report                            *
=========================================================================

Partition Implementation Status
-------------------------------

  No Partitions were found in this design.

-------------------------------

=========================================================================
*                            Design Summary                             *
=========================================================================

Top Level Output File Name         : gen_dir.ngc

Primitive and Black Box Usage:
------------------------------
# BELS                             : 141
#      GND                         : 1
#      INV                         : 3
#      LUT1                        : 9
#      LUT2                        : 10
#      LUT3                        : 9
#      LUT4                        : 3
#      LUT5                        : 25
#      LUT6                        : 25
#      MUXCY                       : 30
#      VCC                         : 1
#      XORCY                       : 25
# FlipFlops/Latches                : 59
#      FDC                         : 11
#      FDCE                        : 48
# Clock Buffers                    : 1
#      BUFGP                       : 1
# IO Buffers                       : 28
#      IBUF                        : 19
#      OBUF                        : 9

Device utilization summary:
---------------------------

Selected Device : 6slx45csg324-3 


Slice Logic Utilization: 
 Number of Slice Registers:              59  out of  54576     0%  
 Number of Slice LUTs:                   84  out of  27288     0%  
    Number used as Logic:                84  out of  27288     0%  

Slice Logic Distribution: 
 Number of LUT Flip Flop pairs used:     90
   Number with an unused Flip Flop:      31  out of     90    34%  
   Number with an unused LUT:             6  out of     90     6%  
   Number of fully used LUT-FF pairs:    53  out of     90    58%  
   Number of unique control sets:         6

IO Utilization: 
 Number of IOs:                          29
 Number of bonded IOBs:                  29  out of    218    13%  

Specific Feature Utilization:
 Number of BUFG/BUFGCTRLs:                1  out of     16     6%  

---------------------------
Partition Resource Summary:
---------------------------

  No Partitions were found in this design.

---------------------------


=========================================================================
Timing Report

NOTE: THESE TIMING NUMBERS ARE ONLY A SYNTHESIS ESTIMATE.
      FOR ACCURATE TIMING INFORMATION PLEASE REFER TO THE TRACE REPORT
      GENERATED AFTER PLACE-and-ROUTE.

Clock Information:
------------------
-----------------------------------+------------------------+-------+
Clock Signal                       | Clock buffer(FF name)  | Load  |
-----------------------------------+------------------------+-------+
CLK                                | BUFGP                  | 59    |
-----------------------------------+------------------------+-------+

Asynchronous Control Signals Information:
----------------------------------------
No asynchronous control signals found in this design

Timing Summary:
---------------
Speed Grade: -3

   Minimum period: 3.527ns (Maximum Frequency: 283.551MHz)
   Minimum input arrival time before clock: 4.532ns
   Maximum output required time after clock: 3.732ns
   Maximum combinational path delay: No path found

Timing Details:
---------------
All values displayed in nanoseconds (ns)

=========================================================================
Timing constraint: Default period analysis for Clock 'CLK'
  Clock period: 3.527ns (frequency: 283.551MHz)
  Total number of paths / destination ports: 1220 / 91
-------------------------------------------------------------------------
Delay:               3.527ns (Levels of Logic = 11)
  Source:            cnt_8 (FF)
  Destination:       cnt_8 (FF)
  Source Clock:      CLK rising
  Destination Clock: CLK rising

  Data Path: cnt_8 to cnt_8
                                Gate     Net
    Cell:in->out      fanout   Delay   Delay  Logical Name (Net Name)
    ----------------------------------------  ------------
     FDC:C->Q              5   0.447   1.079  cnt_8 (cnt_8)
     LUT6:I0->O            1   0.203   0.580  CEBD<8>11_1 (CEBD<8>11)
     LUT4:I3->O            1   0.205   0.579  CEBD_inv1 (CEBD_inv)
     MUXCY:CI->O           1   0.019   0.000  Mcount_cnt_cy<0> (Mcount_cnt_cy<0>)
     MUXCY:CI->O           1   0.019   0.000  Mcount_cnt_cy<1> (Mcount_cnt_cy<1>)
     MUXCY:CI->O           1   0.019   0.000  Mcount_cnt_cy<2> (Mcount_cnt_cy<2>)
     MUXCY:CI->O           1   0.019   0.000  Mcount_cnt_cy<3> (Mcount_cnt_cy<3>)
     MUXCY:CI->O           1   0.019   0.000  Mcount_cnt_cy<4> (Mcount_cnt_cy<4>)
     MUXCY:CI->O           1   0.019   0.000  Mcount_cnt_cy<5> (Mcount_cnt_cy<5>)
     MUXCY:CI->O           1   0.019   0.000  Mcount_cnt_cy<6> (Mcount_cnt_cy<6>)
     MUXCY:CI->O           0   0.019   0.000  Mcount_cnt_cy<7> (Mcount_cnt_cy<7>)
     XORCY:CI->O           1   0.180   0.000  Mcount_cnt_xor<8> (Mcount_cnt8)
     FDC:D                     0.102          cnt_8
    ----------------------------------------
    Total                      3.527ns (1.289ns logic, 2.238ns route)
                                       (36.5% logic, 63.5% route)

=========================================================================
Timing constraint: Default OFFSET IN BEFORE for Clock 'CLK'
  Total number of paths / destination ports: 164 / 83
-------------------------------------------------------------------------
Offset:              4.532ns (Levels of Logic = 3)
  Source:            DIR<3> (PAD)
  Destination:       cnt_0 (FF)
  Destination Clock: CLK rising

  Data Path: DIR<3> to cnt_0
                                Gate     Net
    Cell:in->out      fanout   Delay   Delay  Logical Name (Net Name)
    ----------------------------------------  ------------
     IBUF:I->O             2   1.222   0.961  DIR_3_IBUF (DIR_3_IBUF)
     LUT5:I0->O            1   0.203   0.684  DATO_VLD_RST_OR_24_o_SW0 (N3)
     LUT6:I4->O            9   0.203   0.829  DATO_VLD_RST_OR_24_o (DATO_VLD_RST_OR_24_o)
     FDC:CLR                   0.430          cnt_0
    ----------------------------------------
    Total                      4.532ns (2.058ns logic, 2.474ns route)
                                       (45.4% logic, 54.6% route)

=========================================================================
Timing constraint: Default OFFSET OUT AFTER for Clock 'CLK'
  Total number of paths / destination ports: 9 / 9
-------------------------------------------------------------------------
Offset:              3.732ns (Levels of Logic = 1)
  Source:            Salida_BD_7 (FF)
  Destination:       ADDR_OUT<7> (PAD)
  Source Clock:      CLK rising

  Data Path: Salida_BD_7 to ADDR_OUT<7>
                                Gate     Net
    Cell:in->out      fanout   Delay   Delay  Logical Name (Net Name)
    ----------------------------------------  ------------
     FDCE:C->Q             5   0.447   0.714  Salida_BD_7 (Salida_BD_7)
     OBUF:I->O                 2.571          ADDR_OUT_7_OBUF (ADDR_OUT<7>)
    ----------------------------------------
    Total                      3.732ns (3.018ns logic, 0.714ns route)
                                       (80.9% logic, 19.1% route)

=========================================================================

Cross Clock Domains Report:
--------------------------

Clock to Setup on destination clock CLK
---------------+---------+---------+---------+---------+
               | Src:Rise| Src:Fall| Src:Rise| Src:Fall|
Source Clock   |Dest:Rise|Dest:Rise|Dest:Fall|Dest:Fall|
---------------+---------+---------+---------+---------+
CLK            |    3.527|         |         |         |
---------------+---------+---------+---------+---------+

=========================================================================


Total REAL time to Xst completion: 14.00 secs
Total CPU time to Xst completion: 14.35 secs
 
--> 

Total memory usage is 255624 kilobytes

Number of errors   :    0 (   0 filtered)
Number of warnings :    0 (   0 filtered)
Number of infos    :    0 (   0 filtered)

