Release 14.7 - xst P.20131013 (nt64)
Copyright (c) 1995-2013 Xilinx, Inc.  All rights reserved.
--> Parameter TMPDIR set to xst/projnav.tmp


Total REAL time to Xst completion: 0.00 secs
Total CPU time to Xst completion: 0.17 secs
 
--> Parameter xsthdpdir set to xst


Total REAL time to Xst completion: 0.00 secs
Total CPU time to Xst completion: 0.17 secs
 
--> Reading design: top_system1.prj

TABLE OF CONTENTS
  1) Synthesis Options Summary
  2) HDL Parsing
  3) HDL Elaboration
  4) HDL Synthesis
       4.1) HDL Synthesis Report
  5) Advanced HDL Synthesis
       5.1) Advanced HDL Synthesis Report
  6) Low Level Synthesis
  7) Partition Report
  8) Design Summary
       8.1) Primitive and Black Box Usage
       8.2) Device utilization summary
       8.3) Partition Resource Summary
       8.4) Timing Report
            8.4.1) Clock Information
            8.4.2) Asynchronous Control Signals Information
            8.4.3) Timing Summary
            8.4.4) Timing Details
            8.4.5) Cross Clock Domains Report


=========================================================================
*                      Synthesis Options Summary                        *
=========================================================================
---- Source Parameters
Input File Name                    : "top_system1.prj"
Ignore Synthesis Constraint File   : NO

---- Target Parameters
Output File Name                   : "top_system1"
Output Format                      : NGC
Target Device                      : xc6slx45-3-csg324

---- Source Options
Top Module Name                    : top_system1
Automatic FSM Extraction           : YES
FSM Encoding Algorithm             : Auto
Safe Implementation                : No
FSM Style                          : LUT
RAM Extraction                     : Yes
RAM Style                          : Auto
ROM Extraction                     : Yes
Shift Register Extraction          : YES
ROM Style                          : Auto
Resource Sharing                   : YES
Asynchronous To Synchronous        : NO
Shift Register Minimum Size        : 2
Use DSP Block                      : Auto
Automatic Register Balancing       : No

---- Target Options
LUT Combining                      : Auto
Reduce Control Sets                : Auto
Add IO Buffers                     : YES
Global Maximum Fanout              : 100000
Add Generic Clock Buffer(BUFG)     : 16
Register Duplication               : YES
Optimize Instantiated Primitives   : NO
Use Clock Enable                   : Auto
Use Synchronous Set                : Auto
Use Synchronous Reset              : Auto
Pack IO Registers into IOBs        : Auto
Equivalent register Removal        : YES

---- General Options
Optimization Goal                  : Speed
Optimization Effort                : 1
Power Reduction                    : NO
Keep Hierarchy                     : No
Netlist Hierarchy                  : As_Optimized
RTL Output                         : Yes
Global Optimization                : AllClockNets
Read Cores                         : YES
Write Timing Constraints           : NO
Cross Clock Analysis               : NO
Hierarchy Separator                : /
Bus Delimiter                      : <>
Case Specifier                     : Maintain
Slice Utilization Ratio            : 100
BRAM Utilization Ratio             : 100
DSP48 Utilization Ratio            : 100
Auto BRAM Packing                  : NO
Slice Utilization Ratio Delta      : 5

=========================================================================


=========================================================================
*                          HDL Parsing                                  *
=========================================================================
Parsing VHDL file "C:\Users\pedro\GIC\PracticaLibre\Souce\cnt_epp.vhd" into library work
Parsing entity <cnt_epp>.
Parsing architecture <rtl> of entity <cnt_epp>.
Parsing VHDL file "C:\Users\pedro\GIC\PracticaLibre\Souce\top_system1.vhd" into library work
Parsing entity <top_system1>.
Parsing architecture <rtl> of entity <top_system1>.

=========================================================================
*                            HDL Elaboration                            *
=========================================================================

Elaborating entity <top_system1> (architecture <rtl>) from library <work>.

Elaborating entity <cnt_epp> (architecture <rtl>) from library <work>.

=========================================================================
*                           HDL Synthesis                               *
=========================================================================

Synthesizing Unit <top_system1>.
    Related source file is "C:\Users\pedro\GIC\PracticaLibre\Souce\top_system1.vhd".
    Found 8-bit register for signal <DATO_REG>.
    Found 8-bit register for signal <DIR_REG>.
    Summary:
	inferred  16 D-type flip-flop(s).
	inferred   2 Multiplexer(s).
Unit <top_system1> synthesized.

Synthesizing Unit <cnt_epp>.
    Related source file is "C:\Users\pedro\GIC\PracticaLibre\Souce\cnt_epp.vhd".
    Found 1-bit register for signal <DSBD>.
    Found 1-bit register for signal <ASBD>.
    Found 1-bit register for signal <DIR_VLD>.
    Found 1-bit register for signal <DATO_VLD>.
    Found 8-bit register for signal <DIR>.
    Found 8-bit register for signal <DATO>.
    Found 1-bit tristate buffer for signal <DATA<7>> created at line 37
    Found 1-bit tristate buffer for signal <DATA<6>> created at line 37
    Found 1-bit tristate buffer for signal <DATA<5>> created at line 37
    Found 1-bit tristate buffer for signal <DATA<4>> created at line 37
    Found 1-bit tristate buffer for signal <DATA<3>> created at line 37
    Found 1-bit tristate buffer for signal <DATA<2>> created at line 37
    Found 1-bit tristate buffer for signal <DATA<1>> created at line 37
    Found 1-bit tristate buffer for signal <DATA<0>> created at line 37
    Summary:
	inferred  20 D-type flip-flop(s).
	inferred   8 Tristate(s).
Unit <cnt_epp> synthesized.

=========================================================================
HDL Synthesis Report

Macro Statistics
# Registers                                            : 8
 1-bit register                                        : 4
 8-bit register                                        : 4
# Multiplexers                                         : 2
 8-bit 2-to-1 multiplexer                              : 2
# Tristates                                            : 8
 1-bit tristate buffer                                 : 8

=========================================================================

=========================================================================
*                       Advanced HDL Synthesis                          *
=========================================================================


=========================================================================
Advanced HDL Synthesis Report

Macro Statistics
# Registers                                            : 36
 Flip-Flops                                            : 36
# Multiplexers                                         : 2
 8-bit 2-to-1 multiplexer                              : 2

=========================================================================

=========================================================================
*                         Low Level Synthesis                           *
=========================================================================

Optimizing unit <top_system1> ...

Mapping all equations...
Building and optimizing final netlist ...
Found area constraint ratio of 100 (+ 5) on block top_system1, actual ratio is 0.

Final Macro Processing ...

=========================================================================
Final Register Report

Macro Statistics
# Registers                                            : 36
 Flip-Flops                                            : 36

=========================================================================

=========================================================================
*                           Partition Report                            *
=========================================================================

Partition Implementation Status
-------------------------------

  No Partitions were found in this design.

-------------------------------

=========================================================================
*                            Design Summary                             *
=========================================================================

Top Level Output File Name         : top_system1.ngc

Primitive and Black Box Usage:
------------------------------
# BELS                             : 39
#      INV                         : 1
#      LUT2                        : 11
#      LUT3                        : 9
#      LUT4                        : 8
#      LUT5                        : 9
#      LUT6                        : 1
# FlipFlops/Latches                : 36
#      FDC                         : 18
#      FDCE                        : 16
#      FDP                         : 2
# Clock Buffers                    : 1
#      BUFGP                       : 1
# IO Buffers                       : 30
#      IBUF                        : 13
#      IOBUF                       : 8
#      OBUF                        : 9

Device utilization summary:
---------------------------

Selected Device : 6slx45csg324-3 


Slice Logic Utilization: 
 Number of Slice Registers:              36  out of  54576     0%  
 Number of Slice LUTs:                   39  out of  27288     0%  
    Number used as Logic:                39  out of  27288     0%  

Slice Logic Distribution: 
 Number of LUT Flip Flop pairs used:     44
   Number with an unused Flip Flop:       8  out of     44    18%  
   Number with an unused LUT:             5  out of     44    11%  
   Number of fully used LUT-FF pairs:    31  out of     44    70%  
   Number of unique control sets:         3

IO Utilization: 
 Number of IOs:                          31
 Number of bonded IOBs:                  31  out of    218    14%  

Specific Feature Utilization:
 Number of BUFG/BUFGCTRLs:                1  out of     16     6%  

---------------------------
Partition Resource Summary:
---------------------------

  No Partitions were found in this design.

---------------------------


=========================================================================
Timing Report

NOTE: THESE TIMING NUMBERS ARE ONLY A SYNTHESIS ESTIMATE.
      FOR ACCURATE TIMING INFORMATION PLEASE REFER TO THE TRACE REPORT
      GENERATED AFTER PLACE-and-ROUTE.

Clock Information:
------------------
-----------------------------------+------------------------+-------+
Clock Signal                       | Clock buffer(FF name)  | Load  |
-----------------------------------+------------------------+-------+
CLK                                | BUFGP                  | 36    |
-----------------------------------+------------------------+-------+

Asynchronous Control Signals Information:
----------------------------------------
No asynchronous control signals found in this design

Timing Summary:
---------------
Speed Grade: -3

   Minimum period: 1.584ns (Maximum Frequency: 631.413MHz)
   Minimum input arrival time before clock: 3.785ns
   Maximum output required time after clock: 6.689ns
   Maximum combinational path delay: 7.583ns

Timing Details:
---------------
All values displayed in nanoseconds (ns)

=========================================================================
Timing constraint: Default period analysis for Clock 'CLK'
  Clock period: 1.584ns (frequency: 631.413MHz)
  Total number of paths / destination ports: 66 / 50
-------------------------------------------------------------------------
Delay:               1.584ns (Levels of Logic = 1)
  Source:            DUT/DSBD (FF)
  Destination:       DUT/DATO_VLD (FF)
  Source Clock:      CLK rising
  Destination Clock: CLK rising

  Data Path: DUT/DSBD to DUT/DATO_VLD
                                Gate     Net
    Cell:in->out      fanout   Delay   Delay  Logical Name (Net Name)
    ----------------------------------------  ------------
     FDP:C->Q              9   0.447   0.830  DUT/DSBD (DUT/DSBD)
     LUT3:I2->O            1   0.205   0.000  DUT/DFDS1 (DUT/DFDS)
     FDC:D                     0.102          DUT/DATO_VLD
    ----------------------------------------
    Total                      1.584ns (0.754ns logic, 0.830ns route)
                                       (47.6% logic, 52.4% route)

=========================================================================
Timing constraint: Default OFFSET IN BEFORE for Clock 'CLK'
  Total number of paths / destination ports: 81 / 56
-------------------------------------------------------------------------
Offset:              3.785ns (Levels of Logic = 2)
  Source:            RST (PAD)
  Destination:       DATO_REG_0 (FF)
  Destination Clock: CLK rising

  Data Path: RST to DATO_REG_0
                                Gate     Net
    Cell:in->out      fanout   Delay   Delay  Logical Name (Net Name)
    ----------------------------------------  ------------
     IBUF:I->O             1   1.222   0.579  RST_IBUF (RST_IBUF)
     INV:I->O             36   0.206   1.348  DUT/RST_inv1_INV_0 (DUT/RST_inv)
     FDP:PRE                   0.430          DUT/DSBD
    ----------------------------------------
    Total                      3.785ns (1.858ns logic, 1.927ns route)
                                       (49.1% logic, 50.9% route)

=========================================================================
Timing constraint: Default OFFSET OUT AFTER for Clock 'CLK'
  Total number of paths / destination ports: 80 / 16
-------------------------------------------------------------------------
Offset:              6.689ns (Levels of Logic = 4)
  Source:            DUT/DIR_0 (FF)
  Destination:       DATA<7> (PAD)
  Source Clock:      CLK rising

  Data Path: DUT/DIR_0 to DATA<7>
                                Gate     Net
    Cell:in->out      fanout   Delay   Delay  Logical Name (Net Name)
    ----------------------------------------  ------------
     FDC:C->Q              3   0.447   0.995  DUT/DIR_0 (DUT/DIR_0)
     LUT5:I0->O            1   0.203   0.580  GND_3_o_CE_RD_AND_5_o_SW0 (N2)
     LUT6:I5->O            8   0.205   0.907  GND_3_o_CE_RD_AND_5_o (GND_3_o_CE_RD_AND_5_o)
     LUT2:I0->O            1   0.203   0.579  Mmux_DATO_RD81 (DATO_RD<7>)
     IOBUF:I->IO               2.571          DATA_7_IOBUF (DATA<7>)
    ----------------------------------------
    Total                      6.689ns (3.629ns logic, 3.061ns route)
                                       (54.2% logic, 45.8% route)

=========================================================================
Timing constraint: Default path analysis
  Total number of paths / destination ports: 50 / 17
-------------------------------------------------------------------------
Delay:               7.583ns (Levels of Logic = 5)
  Source:            PWRITE (PAD)
  Destination:       DATA<7> (PAD)

  Data Path: PWRITE to DATA<7>
                                Gate     Net
    Cell:in->out      fanout   Delay   Delay  Logical Name (Net Name)
    ----------------------------------------  ------------
     IBUF:I->O            11   1.222   1.111  PWRITE_IBUF (PWRITE_IBUF)
     LUT5:I2->O            1   0.205   0.580  GND_3_o_CE_RD_AND_5_o_SW0 (N2)
     LUT6:I5->O            8   0.205   0.907  GND_3_o_CE_RD_AND_5_o (GND_3_o_CE_RD_AND_5_o)
     LUT2:I0->O            1   0.203   0.579  Mmux_DATO_RD81 (DATO_RD<7>)
     IOBUF:I->IO               2.571          DATA_7_IOBUF (DATA<7>)
    ----------------------------------------
    Total                      7.583ns (4.406ns logic, 3.177ns route)
                                       (58.1% logic, 41.9% route)

=========================================================================

Cross Clock Domains Report:
--------------------------

Clock to Setup on destination clock CLK
---------------+---------+---------+---------+---------+
               | Src:Rise| Src:Fall| Src:Rise| Src:Fall|
Source Clock   |Dest:Rise|Dest:Rise|Dest:Fall|Dest:Fall|
---------------+---------+---------+---------+---------+
CLK            |    1.584|         |         |         |
---------------+---------+---------+---------+---------+

=========================================================================


Total REAL time to Xst completion: 13.00 secs
Total CPU time to Xst completion: 13.36 secs
 
--> 

Total memory usage is 253708 kilobytes

Number of errors   :    0 (   0 filtered)
Number of warnings :    0 (   0 filtered)
Number of infos    :    0 (   0 filtered)

